<?xml version="1.0" encoding="UTF-8"?>
<testng-results ignored="0" total="1" passed="1" failed="0" skipped="0">
  <reporter-output>
  </reporter-output>
  <suite started-at="2021-12-15T16:36:17Z" name="Suite" finished-at="2021-12-15T16:37:54Z" duration-ms="96585">
    <groups>
    </groups>
    <test started-at="2021-12-15T16:36:17Z" name="Test" finished-at="2021-12-15T16:37:54Z" duration-ms="96585">
      <class name="Demo.TestFeatures">
        <test-method is-config="true" signature="setup()[pri:0, instance:Demo.TestFeatures@16aa8654]" started-at="2021-12-15T16:36:17Z" name="setup" finished-at="2021-12-15T16:36:23Z" duration-ms="6259" status="PASS">
          <reporter-output>
          </reporter-output>
        </test-method> <!-- setup -->
        <test-method signature="testScript()[pri:0, instance:Demo.TestFeatures@16aa8654]" started-at="2021-12-15T16:36:23Z" name="testScript" finished-at="2021-12-15T16:37:53Z" duration-ms="89893" status="PASS">
          <reporter-output>
          </reporter-output>
        </test-method> <!-- testScript -->
        <test-method is-config="true" signature="tearDown()[pri:0, instance:Demo.TestFeatures@16aa8654]" started-at="2021-12-15T16:37:53Z" name="tearDown" finished-at="2021-12-15T16:37:54Z" duration-ms="420" status="PASS">
          <reporter-output>
          </reporter-output>
        </test-method> <!-- tearDown -->
      </class> <!-- Demo.TestFeatures -->
    </test> <!-- Test -->
  </suite> <!-- Suite -->
</testng-results>
