<?xml version="1.0" encoding="UTF-8"?>
<testng-results ignored="0" total="1" passed="1" failed="0" skipped="0">
  <reporter-output>
  </reporter-output>
  <suite started-at="2021-12-15T21:32:43 IST" name="Default suite" finished-at="2021-12-15T21:32:51 IST" duration-ms="7803">
    <groups>
    </groups>
    <test started-at="2021-12-15T21:32:43 IST" name="Default test" finished-at="2021-12-15T21:32:51 IST" duration-ms="7803">
      <class name="Demo.TestFeatures">
        <test-method is-config="true" signature="setup()[pri:0, instance:Demo.TestFeatures@770d3326]" started-at="2021-12-15T21:32:43 IST" name="setup" finished-at="2021-12-15T21:32:50 IST" duration-ms="6374" status="PASS">
          <reporter-output>
          </reporter-output>
        </test-method> <!-- setup -->
        <test-method signature="testScript()[pri:0, instance:Demo.TestFeatures@770d3326]" started-at="2021-12-15T21:32:50 IST" name="testScript" finished-at="2021-12-15T21:32:51 IST" duration-ms="981" status="PASS">
          <reporter-output>
          </reporter-output>
        </test-method> <!-- testScript -->
        <test-method is-config="true" signature="tearDown()[pri:0, instance:Demo.TestFeatures@770d3326]" started-at="2021-12-15T21:32:51 IST" name="tearDown" finished-at="2021-12-15T21:32:51 IST" duration-ms="423" status="PASS">
          <reporter-output>
          </reporter-output>
        </test-method> <!-- tearDown -->
      </class> <!-- Demo.TestFeatures -->
    </test> <!-- Default test -->
  </suite> <!-- Default suite -->
</testng-results>
